<?xml version="1.0" encoding="UTF-8"?>
<!-- Generated by org.testng.reporters.JUnitXMLReporter -->
<testsuite ignored="0" hostname="DESKTOP-43JB7IB" failures="0" tests="6" name="Default test" time="22.843" errors="0" timestamp="2022-09-18T10:58:08 IST">
  <testcase classname="ApplicationTestingTestFiles.VerifyApplyingForQAEngineerPositionTest" name="test" time="1.031"/>
  <testcase classname="ApplicationTestingTestFiles.VerifyApplyingForQAEngineerPositionTest" name="QAEngineerPostion" time="0.535"/>
  <testcase classname="ApplicationTestingTestFiles.VerifyApplyingForQAEngineerPositionTest" name="verifyUrlRedirect" time="0.255"/>
  <testcase classname="ApplicationTestingTestFiles.VerifyApplyingForQAEngineerPositionTest" name="clickOnApplyHere" time="1.061"/>
  <testcase classname="ApplicationTestingTestFiles.VerifyApplyingForQAEngineerPositionTest" name="hoverAndClickOnApply" time="10.9"/>
  <testcase classname="ApplicationTestingTestFiles.VerifyApplyingForQAEngineerPositionTest" name="validatePersonalDetailsForm" time="1.253"/>
</testsuite> <!-- Default test -->
