<?xml version="1.0" encoding="UTF-8"?>
<testng-results ignored="0" total="1" passed="0" failed="1" skipped="0">
  <reporter-output>
    <line>
      <![CDATA[Launch Chrome WebDriver]]>
    </line>
    <line>
      <![CDATA[Navigate to Numadic Careers Page.]]>
    </line>
    <line>
      <![CDATA[Validate the Header Text of the Careers Page.]]>
    </line>
    <line>
      <![CDATA[The Header Text is displayed as: JOIN OUR CREW]]>
    </line>
    <line>
      <![CDATA[Close all the tabs and Chrome WebDriver. ]]>
    </line>
  </reporter-output>
  <suite started-at="2022-09-17T22:29:33 IST" name="Default suite" finished-at="2022-09-17T22:29:42 IST" duration-ms="9083">
    <groups>
    </groups>
    <test started-at="2022-09-17T22:29:33 IST" name="Default test" finished-at="2022-09-17T22:29:42 IST" duration-ms="9083">
      <class name="ApplicationTestingTestFiles.VerifyHeaderTitleOfThePageTest">
        <test-method is-config="true" signature="brwsrLaunch()[pri:0, instance:ApplicationTestingTestFiles.VerifyHeaderTitleOfThePageTest@69453e37]" started-at="2022-09-17T22:29:33 IST" name="brwsrLaunch" finished-at="2022-09-17T22:29:41 IST" duration-ms="8128" status="PASS">
          <reporter-output>
            <line>
              <![CDATA[Launch Chrome WebDriver]]>
            </line>
            <line>
              <![CDATA[Navigate to Numadic Careers Page.]]>
            </line>
          </reporter-output>
        </test-method> <!-- brwsrLaunch -->
        <test-method signature="test()[pri:0, instance:ApplicationTestingTestFiles.VerifyHeaderTitleOfThePageTest@69453e37]" started-at="2022-09-17T22:29:41 IST" name="test" finished-at="2022-09-17T22:29:41 IST" duration-ms="141" status="FAIL">
          <exception class="java.lang.NullPointerException">
            <message>
              <![CDATA[Cannot invoke "org.openqa.selenium.TakesScreenshot.getScreenshotAs(org.openqa.selenium.OutputType)" because "screendhotShot" is null]]>
            </message>
            <full-stacktrace>
              <![CDATA[java.lang.NullPointerException: Cannot invoke "org.openqa.selenium.TakesScreenshot.getScreenshotAs(org.openqa.selenium.OutputType)" because "screendhotShot" is null
at ApplicationTestingProcessFiles.NumadicCarrersProcess.captureScreenShot(NumadicCarrersProcess.java:25)
at ApplicationTestingTestFiles.VerifyHeaderTitleOfThePageTest.test(VerifyHeaderTitleOfThePageTest.java:60)
at java.base/jdk.internal.reflect.NativeMethodAccessorImpl.invoke0(Native Method)
at java.base/jdk.internal.reflect.NativeMethodAccessorImpl.invoke(NativeMethodAccessorImpl.java:77)
at java.base/jdk.internal.reflect.DelegatingMethodAccessorImpl.invoke(DelegatingMethodAccessorImpl.java:43)
at java.base/java.lang.reflect.Method.invoke(Method.java:568)
at org.testng.internal.invokers.MethodInvocationHelper.invokeMethod(MethodInvocationHelper.java:135)
at org.testng.internal.invokers.TestInvoker.invokeMethod(TestInvoker.java:673)
at org.testng.internal.invokers.TestInvoker.invokeTestMethod(TestInvoker.java:220)
at org.testng.internal.invokers.MethodRunner.runInSequence(MethodRunner.java:50)
at org.testng.internal.invokers.TestInvoker$MethodInvocationAgent.invoke(TestInvoker.java:945)
at org.testng.internal.invokers.TestInvoker.invokeTestMethods(TestInvoker.java:193)
at org.testng.internal.invokers.TestMethodWorker.invokeTestMethods(TestMethodWorker.java:146)
at org.testng.internal.invokers.TestMethodWorker.run(TestMethodWorker.java:128)
at java.base/java.util.ArrayList.forEach(ArrayList.java:1511)
at org.testng.TestRunner.privateRun(TestRunner.java:808)
at org.testng.TestRunner.run(TestRunner.java:603)
at org.testng.SuiteRunner.runTest(SuiteRunner.java:429)
at org.testng.SuiteRunner.runSequentially(SuiteRunner.java:423)
at org.testng.SuiteRunner.privateRun(SuiteRunner.java:383)
at org.testng.SuiteRunner.run(SuiteRunner.java:326)
at org.testng.SuiteRunnerWorker.runSuite(SuiteRunnerWorker.java:52)
at org.testng.SuiteRunnerWorker.run(SuiteRunnerWorker.java:95)
at org.testng.TestNG.runSuitesSequentially(TestNG.java:1249)
at org.testng.TestNG.runSuitesLocally(TestNG.java:1169)
at org.testng.TestNG.runSuites(TestNG.java:1092)
at org.testng.TestNG.run(TestNG.java:1060)
at org.testng.remote.AbstractRemoteTestNG.run(AbstractRemoteTestNG.java:115)
at org.testng.remote.RemoteTestNG.initAndRun(RemoteTestNG.java:251)
at org.testng.remote.RemoteTestNG.main(RemoteTestNG.java:77)
]]>
            </full-stacktrace>
          </exception> <!-- java.lang.NullPointerException -->
          <reporter-output>
            <line>
              <![CDATA[Validate the Header Text of the Careers Page.]]>
            </line>
            <line>
              <![CDATA[The Header Text is displayed as: JOIN OUR CREW]]>
            </line>
          </reporter-output>
        </test-method> <!-- test -->
        <test-method is-config="true" signature="closeApplication()[pri:0, instance:ApplicationTestingTestFiles.VerifyHeaderTitleOfThePageTest@69453e37]" started-at="2022-09-17T22:29:41 IST" name="closeApplication" finished-at="2022-09-17T22:29:42 IST" duration-ms="749" status="PASS">
          <reporter-output>
            <line>
              <![CDATA[Close all the tabs and Chrome WebDriver. ]]>
            </line>
          </reporter-output>
        </test-method> <!-- closeApplication -->
      </class> <!-- ApplicationTestingTestFiles.VerifyHeaderTitleOfThePageTest -->
    </test> <!-- Default test -->
  </suite> <!-- Default suite -->
</testng-results>
